[0mGET / [32m200[0m 172.875 ms - 8318[0m
[0mGET /favicon.ico [33m404[0m 10.821 ms - 150[0m
[0mGET /users/sign-in [36m304[0m 16.431 ms - -[0m
[0mPOST /users/create-session [36m302[0m 27.530 ms - 46[0m
[0mGET / [32m200[0m 43.445 ms - 13986[0m
[0mGET /users/profile/649489ef7b1c3e58e7db2653 [32m200[0m 28.465 ms - 2467[0m
[0mGET /uploads/users/avatars/avatar-1688068262076-254267183 [32m200[0m 11.023 ms - 9714[0m
[0mGET / [32m200[0m 129.184 ms - 8318[0m
[0mGET /favicon.ico [33m404[0m 15.372 ms - 150[0m
[0mGET /users/sign-in [36m304[0m 11.909 ms - -[0m
[0mPOST /users/create-session [36m302[0m 17.010 ms - 46[0m
[0mGET / [32m200[0m 43.384 ms - 13986[0m
[0mGET / [32m200[0m 82.609 ms - 8318[0m
[0mGET / [36m304[0m 65.286 ms - -[0m
[0mGET / [36m304[0m 46.481 ms - -[0m
[0mGET / [36m304[0m 32.691 ms - -[0m
[0mGET / [36m304[0m 31.742 ms - -[0m
[0mGET / [36m304[0m 34.882 ms - -[0m
[0mGET / [36m304[0m 38.593 ms - -[0m
[0mGET / [32m200[0m 92.532 ms - 8314[0m
[0mGET / [36m304[0m 78.327 ms - -[0m
[0mGET / [36m304[0m 76.468 ms - -[0m
[0mGET / [36m304[0m 49.444 ms - -[0m
[0mGET / [36m304[0m 46.259 ms - -[0m
[0mGET / [36m304[0m 39.801 ms - -[0m
[0mGET / [36m304[0m 31.918 ms - -[0m
[0mGET / [36m304[0m 101.373 ms - -[0m
[0mGET / [36m304[0m 67.565 ms - -[0m
[0mGET / [36m304[0m 105.936 ms - -[0m
[0mGET / [36m304[0m 57.201 ms - -[0m
[0mGET / [36m304[0m 47.951 ms - -[0m
[0mGET / [36m304[0m 30.977 ms - -[0m
[0mGET / [36m304[0m 33.426 ms - -[0m
[0mGET /users/sign-in [32m200[0m 12.815 ms - 2096[0m
[0mGET /users/css/layout.css [33m404[0m 8.542 ms - 159[0m
[0mGET /users/css/footer.css [33m404[0m 7.807 ms - 159[0m
[0mGET /users/css/header.css [33m404[0m 17.491 ms - 159[0m
[0mPOST /users/create-session [36m302[0m 13.457 ms - 46[0m
[0mGET / [32m200[0m 57.960 ms - 13982[0m
[0mGET / [32m200[0m 95.430 ms - 13715[0m
[0mGET / [36m304[0m 49.949 ms - -[0m
[0mGET / [36m304[0m 56.054 ms - -[0m
[0mGET /users/sign-out [36m302[0m 18.658 ms - 46[0m
[0mGET / [32m200[0m 28.150 ms - 8578[0m
[0mGET /users/sign-in [36m304[0m 11.424 ms - -[0m
[0mGET /users/css/layout.css [33m404[0m 5.211 ms - 159[0m
[0mGET /users/css/header.css [33m404[0m 8.325 ms - 159[0m
[0mGET /users/css/footer.css [33m404[0m 13.813 ms - 159[0m
[0mGET /users/sign-in [36m304[0m 13.504 ms - -[0m
[0mGET /users/css/layout.css [33m404[0m 5.671 ms - 159[0m
[0mGET /users/css/header.css [33m404[0m 7.180 ms - 159[0m
[0mGET /users/css/footer.css [33m404[0m 13.198 ms - 159[0m
[0mGET /users/css/layout.css [33m404[0m 6.761 ms - 159[0m
[0mGET /users/css/header.css [33m404[0m 10.354 ms - 159[0m
[0mGET /users/css/footer.css [33m404[0m 10.791 ms - 159[0m
[0mGET /users/sign-in [36m304[0m 8.025 ms - -[0m
[0mGET /users/css/layout.css [33m404[0m 7.107 ms - 159[0m
[0mGET /users/css/header.css [33m404[0m 5.441 ms - 159[0m
[0mGET /users/css/footer.css [33m404[0m 6.500 ms - 159[0m
[0mGET /users/css/layout.css [33m404[0m 5.630 ms - 159[0m
[0mGET /users/css/header.css [33m404[0m 7.504 ms - 159[0m
[0mGET /users/css/footer.css [33m404[0m 7.563 ms - 159[0m
[0mGET /users/sign-in [36m304[0m 33.568 ms - -[0m
[0mGET /users/css/layout.css [33m404[0m 10.491 ms - 159[0m
[0mGET /users/css/header.css [33m404[0m 17.462 ms - 159[0m
[0mGET /users/css/footer.css [33m404[0m 18.490 ms - 159[0m
[0mGET /users/css/layout.css [33m404[0m 2.989 ms - 159[0m
[0mGET /users/sign-in [36m304[0m 23.542 ms - -[0m
[0mGET /users/css/layout.css [33m404[0m 4.598 ms - 159[0m
[0mGET /users/css/header.css [33m404[0m 6.660 ms - 159[0m
[0mGET /users/css/footer.css [33m404[0m 8.191 ms - 159[0m
[0mGET / [32m200[0m 73.428 ms - 8314[0m
[0mGET /users/sign-in [36m304[0m 10.601 ms - -[0m
[0mGET /users/css/layout.css [33m404[0m 3.897 ms - 159[0m
[0mGET /users/css/header.css [33m404[0m 5.926 ms - 159[0m
[0mGET /users/css/footer.css [33m404[0m 6.282 ms - 159[0m
[0mGET /users/css/layout.css [33m404[0m 3.166 ms - 159[0m
[0mGET /users/css/header.css [33m404[0m 4.768 ms - 159[0m
[0mGET /users/sign-in [36m304[0m 10.311 ms - -[0m
[0mGET /users/css/layout.css [33m404[0m 5.306 ms - 159[0m
[0mGET /users/css/header.css [33m404[0m 5.104 ms - 159[0m
[0mGET /users/css/footer.css [33m404[0m 5.000 ms - 159[0m
[0mGET /users/sign-in [36m304[0m 7.378 ms - -[0m
[0mGET /users/css/layout.css [33m404[0m 3.229 ms - 159[0m
[0mGET /users/css/header.css [33m404[0m 4.392 ms - 159[0m
[0mGET /users/css/footer.css [33m404[0m 5.694 ms - 159[0m
[0mGET /users/sign-in [36m304[0m 5.882 ms - -[0m
[0mGET /users/css/layout.css [33m404[0m 5.875 ms - 159[0m
[0mGET /users/css/header.css [33m404[0m 4.157 ms - 159[0m
[0mGET /users/css/footer.css [33m404[0m 6.326 ms - 159[0m
[0mGET /users/sign-in [36m304[0m 5.365 ms - -[0m
[0mGET /users/css/layout.css [33m404[0m 3.359 ms - 159[0m
[0mGET /users/css/header.css [33m404[0m 4.251 ms - 159[0m
[0mGET /users/css/footer.css [33m404[0m 5.426 ms - 159[0m
[0mGET /users/sign-in [36m304[0m 5.396 ms - -[0m
[0mGET /users/css/layout.css [33m404[0m 4.232 ms - 159[0m
[0mGET /users/css/header.css [33m404[0m 4.944 ms - 159[0m
[0mGET /users/css/footer.css [33m404[0m 5.966 ms - 159[0m
[0mGET /users/sign-in [36m304[0m 6.067 ms - -[0m
[0mGET /users/css/layout.css [33m404[0m 3.056 ms - 159[0m
[0mGET /users/css/header.css [33m404[0m 4.211 ms - 159[0m
[0mGET /users/css/footer.css [33m404[0m 2.825 ms - 159[0m
[0mGET /users/auth/google [36m302[0m 5.106 ms - 0[0m
[0mGET /users/auth/google/callback?code=4%2F0AZEOvhUi2lHOVDNU6cBoxsoNjjX7DtP4kTk_QTb1DJqnHKg8CWoVjVYszBWUqmhuWQatSA&scope=email+profile+https%3A%2F%2Fwww.googleapis.com%2Fauth%2Fuserinfo.profile+https%3A%2F%2Fwww.googleapis.com%2Fauth%2Fuserinfo.email+openid&authuser=0&prompt=none [36m302[0m 705.892 ms - 46[0m
[0mGET / [32m200[0m 55.489 ms - 13982[0m
[0mGET /users/profile/649489ef7b1c3e58e7db2653 [32m200[0m 22.665 ms - 2463[0m
[0mGET /users/profile/css/layout.css [33m404[0m 7.160 ms - 167[0m
[0mGET /users/profile/css/header.css [33m404[0m 11.453 ms - 167[0m
[0mGET /users/profile/css/footer.css [33m404[0m 9.719 ms - 167[0m
[0mGET /uploads/users/avatars/avatar-1688068262076-254267183 [32m200[0m 12.378 ms - 9714[0m
[0mGET /users/profile/649489ef7b1c3e58e7db2653 [32m200[0m 18.505 ms - 2462[0m
[0mGET /users/profile/css/layout.css [33m404[0m 11.646 ms - 167[0m
[0mGET /users/profile/css/header.css [33m404[0m 13.454 ms - 167[0m
[0mGET /users/profile/css/footer.css [33m404[0m 14.725 ms - 167[0m
[0mGET /uploads/users/avatars/avatar-1688068262076-254267183 [36m304[0m 10.471 ms - -[0m
[0mGET /users/profile/649489ef7b1c3e58e7db2653 [36m304[0m 13.506 ms - -[0m
[0mGET /users/profile/css/layout.css [33m404[0m 15.236 ms - 167[0m
[0mGET /users/profile/css/header.css [33m404[0m 13.904 ms - 167[0m
[0mGET /users/profile/css/footer.css [33m404[0m 14.283 ms - 167[0m
[0mGET /uploads/users/avatars/avatar-1688068262076-254267183 [36m304[0m 9.933 ms - -[0m
[0mGET /users/profile/649489ef7b1c3e58e7db2653 [36m304[0m 13.168 ms - -[0m
[0mGET /users/profile/css/layout.css [33m404[0m 5.871 ms - 167[0m
[0mGET /users/profile/css/header.css [33m404[0m 9.872 ms - 167[0m
[0mGET /users/profile/css/footer.css [33m404[0m 10.513 ms - 167[0m
[0mGET /uploads/users/avatars/avatar-1688068262076-254267183 [36m304[0m 11.322 ms - -[0m
[0mGET /users/profile/649489ef7b1c3e58e7db2653 [36m304[0m 9.301 ms - -[0m
[0mGET /users/profile/css/header.css [33m404[0m 11.578 ms - 167[0m
[0mGET /users/profile/css/footer.css [33m404[0m 12.630 ms - 167[0m
[0mGET /users/profile/css/layout.css [33m404[0m 10.902 ms - 167[0m
[0mGET /uploads/users/avatars/avatar-1688068262076-254267183 [36m304[0m 14.947 ms - -[0m
[0mGET /users/profile/649489ef7b1c3e58e7db2653 [36m304[0m 10.821 ms - -[0m
[0mGET /users/profile/css/layout.css [33m404[0m 12.078 ms - 167[0m
[0mGET /users/profile/css/header.css [33m404[0m 12.248 ms - 167[0m
[0mGET /users/profile/css/footer.css [33m404[0m 10.631 ms - 167[0m
[0mGET /uploads/users/avatars/avatar-1688068262076-254267183 [36m304[0m 11.597 ms - -[0m
[0mGET /users/profile/649489ef7b1c3e58e7db2653 [36m304[0m 8.811 ms - -[0m
[0mGET /users/profile/css/layout.css [33m404[0m 8.079 ms - 167[0m
[0mGET /users/profile/css/header.css [33m404[0m 10.780 ms - 167[0m
[0mGET /users/profile/css/footer.css [33m404[0m 8.581 ms - 167[0m
[0mGET /uploads/users/avatars/avatar-1688068262076-254267183 [36m304[0m 10.003 ms - -[0m
[0mGET /users/profile/649489ef7b1c3e58e7db2653 [36m304[0m 13.980 ms - -[0m
[0mGET /users/profile/css/layout.css [33m404[0m 17.021 ms - 167[0m
[0mGET /users/profile/css/header.css [33m404[0m 17.152 ms - 167[0m
[0mGET /users/profile/css/footer.css [33m404[0m 17.107 ms - 167[0m
[0mGET /uploads/users/avatars/avatar-1688068262076-254267183 [36m304[0m 19.594 ms - -[0m
[0mGET /users/profile/649489ef7b1c3e58e7db2653 [36m304[0m 8.327 ms - -[0m
[0mGET /users/profile/css/layout.css [33m404[0m 4.369 ms - 167[0m
[0mGET /users/profile/css/header.css [33m404[0m 12.544 ms - 167[0m
[0mGET /users/profile/css/footer.css [33m404[0m 13.559 ms - 167[0m
[0mGET /uploads/users/avatars/avatar-1688068262076-254267183 [36m304[0m 16.453 ms - -[0m
[0mGET /users/profile/649489ef7b1c3e58e7db2653 [36m304[0m 9.038 ms - -[0m
[0mGET /users/profile/css/layout.css [33m404[0m 4.250 ms - 167[0m
[0mGET /users/profile/css/header.css [33m404[0m 10.307 ms - 167[0m
[0mGET /users/profile/css/footer.css [33m404[0m 11.129 ms - 167[0m
[0mGET /uploads/users/avatars/avatar-1688068262076-254267183 [36m304[0m 13.890 ms - -[0m
[0mGET / [32m200[0m 44.358 ms - 13711[0m
[0mGET /users/profile/649489ef7b1c3e58e7db2653 [36m304[0m 15.546 ms - -[0m
[0mGET /users/profile/css/header.css [33m404[0m 14.520 ms - 167[0m
[0mGET /users/profile/css/layout.css [33m404[0m 15.377 ms - 167[0m
[0mGET /users/profile/css/footer.css [33m404[0m 16.727 ms - 167[0m
[0mGET /uploads/users/avatars/avatar-1688068262076-254267183 [36m304[0m 16.635 ms - -[0m
[0mGET /users/profile/649489ef7b1c3e58e7db2653 [36m304[0m 23.215 ms - -[0m
[0mGET /users/profile/css/layout.css [33m404[0m 7.279 ms - 167[0m
[0mGET /users/profile/css/header.css [33m404[0m 9.720 ms - 167[0m
[0mGET /users/profile/css/footer.css [33m404[0m 10.358 ms - 167[0m
[0mGET /uploads/users/avatars/avatar-1688068262076-254267183 [36m304[0m 13.332 ms - -[0m
[0mGET /users/profile/css/layout.css [33m404[0m 9.718 ms - 167[0m
[0mGET /users/profile/css/header.css [33m404[0m 10.828 ms - 167[0m
[0mGET /users/profile/css/footer.css [33m404[0m 11.968 ms - 167[0m
[0mGET /users/profile/649489ef7b1c3e58e7db2653 [36m304[0m 24.625 ms - -[0m
[0mGET /users/profile/css/layout.css [33m404[0m 6.942 ms - 167[0m
[0mGET /users/profile/css/header.css [33m404[0m 6.298 ms - 167[0m
[0mGET /users/profile/css/footer.css [33m404[0m 6.353 ms - 167[0m
[0mGET /uploads/users/avatars/avatar-1688068262076-254267183 [36m304[0m 13.396 ms - -[0m
[0mGET /users/profile/css/layout.css [33m404[0m 13.559 ms - 167[0m
[0mGET /users/profile/css/header.css [33m404[0m 13.316 ms - 167[0m
[0mGET /users/profile/css/footer.css [33m404[0m 14.562 ms - 167[0m
[0mGET /users/profile/649489ef7b1c3e58e7db2653 [36m304[0m 58.168 ms - -[0m
[0mGET /users/profile/css/header.css [33m404[0m 18.492 ms - 167[0m
[0mGET /users/profile/css/layout.css [33m404[0m 16.473 ms - 167[0m
[0mGET /users/profile/css/footer.css [33m404[0m 8.692 ms - 167[0m
[0mGET /uploads/users/avatars/avatar-1688068262076-254267183 [36m304[0m 10.654 ms - -[0m
[0mGET /users/profile/css/layout.css [33m404[0m 11.975 ms - 167[0m
[0mGET /users/profile/css/header.css [33m404[0m 18.107 ms - 167[0m
[0mGET /users/profile/css/footer.css [33m404[0m 20.132 ms - 167[0m
[0mGET /users/profile/649489ef7b1c3e58e7db2653 [36m304[0m 18.586 ms - -[0m
[0mGET /users/profile/css/layout.css [33m404[0m 11.165 ms - 167[0m
[0mGET /users/profile/css/header.css [33m404[0m 11.576 ms - 167[0m
[0mGET /users/profile/css/footer.css [33m404[0m 13.521 ms - 167[0m
[0mGET /uploads/users/avatars/avatar-1688068262076-254267183 [36m304[0m 8.124 ms - -[0m
[0mGET /users/profile/649489ef7b1c3e58e7db2653 [36m304[0m 14.889 ms - -[0m
[0mGET /users/profile/css/layout.css [33m404[0m 10.770 ms - 167[0m
[0mGET /users/profile/css/header.css [33m404[0m 13.911 ms - 167[0m
[0mGET /users/profile/css/footer.css [33m404[0m 16.134 ms - 167[0m
[0mGET /uploads/users/avatars/avatar-1688068262076-254267183 [36m304[0m 6.644 ms - -[0m
[0mGET /users/profile/649489ef7b1c3e58e7db2653 [36m304[0m 11.095 ms - -[0m
[0mGET /users/profile/css/layout.css [33m404[0m 8.662 ms - 167[0m
[0mGET /users/profile/css/header.css [33m404[0m 9.600 ms - 167[0m
[0mGET /users/profile/css/footer.css [33m404[0m 11.629 ms - 167[0m
[0mGET /uploads/users/avatars/avatar-1688068262076-254267183 [36m304[0m 7.317 ms - -[0m
[0mGET /users/profile/649489ef7b1c3e58e7db2653 [36m304[0m 16.494 ms - -[0m
[0mGET /users/profile/css/layout.css [33m404[0m 9.929 ms - 167[0m
[0mGET /users/profile/css/header.css [33m404[0m 11.646 ms - 167[0m
[0mGET /users/profile/css/footer.css [33m404[0m 11.061 ms - 167[0m
[0mGET /uploads/users/avatars/avatar-1688068262076-254267183 [36m304[0m 5.040 ms - -[0m
[0mGET /users/profile/649489ef7b1c3e58e7db2653 [36m304[0m 12.497 ms - -[0m
[0mGET /users/profile/css/layout.css [33m404[0m 9.771 ms - 167[0m
[0mGET /users/profile/css/header.css [33m404[0m 12.721 ms - 167[0m
[0mGET /users/profile/css/footer.css [33m404[0m 9.463 ms - 167[0m
[0mGET /uploads/users/avatars/avatar-1688068262076-254267183 [36m304[0m 6.105 ms - -[0m
[0mGET / [36m304[0m 62.653 ms - -[0m
[0mPOST /likes/toggle/?id=64a481dd3d2efbee0b831134&type=Post [32m200[0m 97.860 ms - 57[0m
[0mPOST /likes/toggle/?id=64a481dd3d2efbee0b831134&type=Post [32m200[0m 41.720 ms - 60[0m
[0mGET /users/sign-out [36m302[0m 25.497 ms - 46[0m
[0mGET / [32m200[0m 78.318 ms - 8574[0m
[0mGET /users/profile/649489ef7b1c3e58e7db2653 [36m302[0m 5.840 ms - 72[0m
[0mGET /users/sign-in [36m304[0m 8.545 ms - -[0m
[0mGET /users/css/layout.css [33m404[0m 7.012 ms - 159[0m
[0mGET /users/css/header.css [33m404[0m 6.110 ms - 159[0m
[0mGET /users/css/footer.css [33m404[0m 12.142 ms - 159[0m
[0mGET / [32m200[0m 45.158 ms - 8310[0m
[0mGET / [36m304[0m 55.459 ms - -[0m
[0mGET /users/sign-in [36m304[0m 9.213 ms - -[0m
[0mGET /users/css/layout.css [33m404[0m 4.539 ms - 159[0m
[0mGET /users/css/header.css [33m404[0m 6.473 ms - 159[0m
[0mGET /users/css/footer.css [33m404[0m 6.509 ms - 159[0m
[0mGET /users/css/layout.css [33m404[0m 4.566 ms - 159[0m
[0mPOST /users/create-session [36m302[0m 10.407 ms - 46[0m
[0mGET / [32m200[0m 41.640 ms - 13978[0m
[0mGET / [32m200[0m 101.055 ms - 8310[0m
[0mGET /favicon.ico [33m404[0m 8.991 ms - 150[0m
[0mGET /users/sign-in [36m304[0m 18.504 ms - -[0m
[0mGET /users/css/layout.css [33m404[0m 10.294 ms - 159[0m
[0mGET /users/css/header.css [33m404[0m 12.542 ms - 159[0m
[0mGET /users/css/footer.css [33m404[0m 12.780 ms - 159[0m
[0mGET / [36m304[0m 71.576 ms - -[0m
[0mGET /users/sign-in [36m304[0m 14.236 ms - -[0m
[0mGET /users/css/layout.css [33m404[0m 6.517 ms - 159[0m
[0mGET /users/css/header.css [33m404[0m 4.011 ms - 159[0m
[0mGET /users/css/footer.css [33m404[0m 8.348 ms - 159[0m
[0mGET /users/sign-up [32m200[0m 7.628 ms - 2251[0m
[0mGET /users/css/layout.css [33m404[0m 3.574 ms - 159[0m
[0mGET /users/css/header.css [33m404[0m 6.718 ms - 159[0m
[0mGET /users/css/footer.css [33m404[0m 8.585 ms - 159[0m
[0mGET / [36m304[0m 33.992 ms - -[0m
[0mGET / [36m304[0m 37.510 ms - -[0m
[0mGET /users/sign-in [36m304[0m 7.212 ms - -[0m
[0mGET /users/css/layout.css [33m404[0m 7.293 ms - 159[0m
[0mGET /users/css/header.css [33m404[0m 10.052 ms - 159[0m
[0mGET /users/css/footer.css [33m404[0m 14.865 ms - 159[0m
[0mGET /users/sign-in [36m304[0m 22.681 ms - -[0m
[0mGET /users/css/layout.css [33m404[0m 5.730 ms - 159[0m
[0mGET /users/css/header.css [33m404[0m 4.946 ms - 159[0m
[0mGET /users/css/footer.css [33m404[0m 12.194 ms - 159[0m
[0mGET /users/sign-in [36m304[0m 9.319 ms - -[0m
[0mGET /users/css/layout.css [33m404[0m 3.702 ms - 159[0m
[0mGET /users/css/header.css [33m404[0m 4.734 ms - 159[0m
[0mGET /users/css/footer.css [33m404[0m 6.445 ms - 159[0m
[0mGET /users/sign-in [36m304[0m 5.660 ms - -[0m
[0mGET /users/css/layout.css [33m404[0m 3.331 ms - 159[0m
[0mGET /users/css/header.css [33m404[0m 4.222 ms - 159[0m
[0mGET /users/css/footer.css [33m404[0m 4.720 ms - 159[0m
[0mGET /users/sign-in [36m304[0m 5.967 ms - -[0m
[0mGET /users/css/layout.css [33m404[0m 5.570 ms - 159[0m
[0mGET /users/css/header.css [33m404[0m 7.238 ms - 159[0m
[0mGET /users/css/footer.css [33m404[0m 9.771 ms - 159[0m
[0mGET / [32m200[0m 49.688 ms - 8342[0m
[0mGET /js/toggle_likes.js [33m404[0m 7.165 ms - 157[0m
[0mGET /js/home_posts.js [33m404[0m 10.078 ms - 155[0m
[0mGET /js/chat_engine.js [33m404[0m 4.080 ms - 156[0m
[0mGET / [36m304[0m 29.887 ms - -[0m
[0mGET /css/layout.css [33m404[0m 1.831 ms - 153[0m
[0mGET /js/home_posts.js [33m404[0m 3.330 ms - 155[0m
[0mGET /js/toggle_likes.js [33m404[0m 3.842 ms - 157[0m
[0mGET /js/chat_engine.js [33m404[0m 4.991 ms - 156[0m
[0mGET /css/footer.css [33m404[0m 5.708 ms - 153[0m
[0mGET /css/chat_box.css [33m404[0m 11.188 ms - 155[0m
[0mGET /css/header.css [33m404[0m 11.660 ms - 153[0m
[0mGET / [36m304[0m 30.397 ms - -[0m
[0mGET /css/layout.css [33m404[0m 8.053 ms - 153[0m
[0mGET /js/home_posts.js [33m404[0m 3.582 ms - 155[0m
[0mGET /js/toggle_likes.js [33m404[0m 4.087 ms - 157[0m
[0mGET /css/footer.css [33m404[0m 5.453 ms - 153[0m
[0mGET /css/header.css [33m404[0m 7.313 ms - 153[0m
[0mGET /css/chat_box.css [33m404[0m 8.768 ms - 155[0m
[0mGET /js/chat_engine.js [33m404[0m 9.397 ms - 156[0m
[0mGET / [31m500[0m 49.828 ms - 1906[0m
[0mGET / [31m500[0m 23.491 ms - 1906[0m
[0mGET / [32m200[0m 64.293 ms - 8342[0m
[0mGET /js/toggle_likes.js [33m404[0m 9.451 ms - 157[0m
[0mGET /js/home_posts.js [33m404[0m 12.198 ms - 155[0m
[0mGET /js/chat_engine.js [33m404[0m 8.329 ms - 156[0m
[0mGET /css/layout.css [33m404[0m 7.673 ms - 153[0m
[0mGET /css/header.css [33m404[0m 9.390 ms - 153[0m
[0mGET /css/footer.css [33m404[0m 14.969 ms - 153[0m
[0mGET /css/chat_box.css [33m404[0m 14.894 ms - 155[0m
[0mGET / [36m304[0m 56.898 ms - -[0m
[0mGET /js/home_posts.js [33m404[0m 8.225 ms - 155[0m
[0mGET /js/toggle_likes.js [33m404[0m 15.689 ms - 157[0m
[0mGET /js/chat_engine.js [33m404[0m 8.416 ms - 156[0m
[0mGET /users/sign-in [36m304[0m 8.871 ms - -[0m
[0mGET /users/css/layout.css [33m404[0m 3.127 ms - 159[0m
[0mGET /users/css/header.css [33m404[0m 4.431 ms - 159[0m
[0mGET /users/css/footer.css [33m404[0m 3.005 ms - 159[0m
[0mGET /users/css/layout.css [33m404[0m 4.629 ms - 159[0m
[0mGET /users/css/header.css [33m404[0m 6.068 ms - 159[0m
[0mGET /users/css/footer.css [33m404[0m 8.618 ms - 159[0m
[0mPOST /users/create-session [36m302[0m 10.775 ms - 46[0m
[0mGET / [32m200[0m 32.303 ms - 14010[0m
[0mGET /css/layout.css [33m404[0m 4.656 ms - 153[0m
[0mGET /js/toggle_likes.js [33m404[0m 9.642 ms - 157[0m
[0mGET /js/chat_engine.js [33m404[0m 11.118 ms - 156[0m
[0mGET /js/home_posts.js [33m404[0m 17.236 ms - 155[0m
[0mGET /css/header.css [33m404[0m 17.784 ms - 153[0m
[0mGET /css/footer.css [33m404[0m 19.109 ms - 153[0m
[0mGET /css/chat_box.css [33m404[0m 21.783 ms - 155[0m
[0mGET /users/profile/649489ef7b1c3e58e7db2653 [32m200[0m 12.770 ms - 2462[0m
[0mGET /users/profile/css/layout.css [33m404[0m 6.715 ms - 167[0m
[0mGET /users/profile/css/header.css [33m404[0m 9.926 ms - 167[0m
[0mGET /users/profile/css/footer.css [33m404[0m 10.481 ms - 167[0m
[0mGET /uploads/users/avatars/avatar-1688068262076-254267183 [36m304[0m 8.932 ms - -[0m
[0mGET / [32m200[0m 32.287 ms - 13743[0m
[0mGET /css/layout.css [33m404[0m 12.144 ms - 153[0m
[0mGET /js/home_posts.js [33m404[0m 10.919 ms - 155[0m
[0mGET /js/toggle_likes.js [33m404[0m 16.557 ms - 157[0m
[0mGET /css/header.css [33m404[0m 17.067 ms - 153[0m
[0mGET /css/chat_box.css [33m404[0m 17.846 ms - 155[0m
[0mGET /css/footer.css [33m404[0m 18.519 ms - 153[0m
[0mGET /js/chat_engine.js [33m404[0m 12.200 ms - 156[0m
[0mGET / [36m304[0m 28.777 ms - -[0m
[0mGET /css/layout.css [33m404[0m 10.995 ms - 153[0m
[0mGET /js/home_posts.js [33m404[0m 9.053 ms - 155[0m
[0mGET /js/toggle_likes.js [33m404[0m 12.401 ms - 157[0m
[0mGET /css/header.css [33m404[0m 11.304 ms - 153[0m
[0mGET /js/chat_engine.js [33m404[0m 10.990 ms - 156[0m
[0mGET /css/footer.css [33m404[0m 11.860 ms - 153[0m
[0mGET /css/chat_box.css [33m404[0m 13.153 ms - 155[0m
[0mGET /likes/toggle/?id=649d4df08fd748541277ab21&type=Post [33m404[0m 4.212 ms - 152[0m
[0mGET /css/layout.css [33m404[0m 13.101 ms - 153[0m
[0mGET /js/home_posts.js [33m404[0m 9.445 ms - 155[0m
[0mGET /js/toggle_likes.js [33m404[0m 14.811 ms - 157[0m
[0mGET /css/chat_box.css [33m404[0m 14.392 ms - 155[0m
[0mGET /css/header.css [33m404[0m 17.638 ms - 153[0m
[0mGET /css/footer.css [33m404[0m 20.422 ms - 153[0m
[0mGET /js/chat_engine.js [33m404[0m 9.816 ms - 156[0m
[0mGET /likes/toggle/?id=64a553429a6aad8ec567d4da&type=Comment [33m404[0m 5.591 ms - 152[0m
[0mGET /css/layout.css [33m404[0m 8.243 ms - 153[0m
[0mGET /js/home_posts.js [33m404[0m 10.640 ms - 155[0m
[0mGET /js/toggle_likes.js [33m404[0m 12.224 ms - 157[0m
[0mGET /posts/destroy/64a481dd3d2efbee0b831134 [36m302[0m 21.920 ms - 88[0m
[0mGET / [32m200[0m 25.030 ms - 12262[0m
[0mGET /js/home_posts.js [33m404[0m 7.880 ms - 155[0m
[0mGET /js/toggle_likes.js [33m404[0m 9.247 ms - 157[0m
[0mGET /css/layout.css [33m404[0m 11.416 ms - 153[0m
[0mGET /css/footer.css [33m404[0m 11.877 ms - 153[0m
[0mGET /css/header.css [33m404[0m 12.403 ms - 153[0m
[0mGET /css/chat_box.css [33m404[0m 13.967 ms - 155[0m
[0mGET /js/chat_engine.js [33m404[0m 8.612 ms - 156[0m
[0mGET / [32m200[0m 61.442 ms - 11993[0m
[0mGET /js/home_posts.js [33m404[0m 7.881 ms - 155[0m
[0mGET /js/toggle_likes.js [33m404[0m 16.320 ms - 157[0m
[0mGET /js/chat_engine.js [33m404[0m 4.808 ms - 156[0m
[0mGET / [36m304[0m 25.089 ms - -[0m
[0mGET /css/layout.css [33m404[0m 7.284 ms - 153[0m
[0mGET /js/home_posts.js [33m404[0m 12.743 ms - 155[0m
[0mGET /css/header.css [33m404[0m 14.909 ms - 153[0m
[0mGET /css/chat_box.css [33m404[0m 17.268 ms - 155[0m
[0mGET /js/chat_engine.js [33m404[0m 15.748 ms - 156[0m
[0mGET /js/toggle_likes.js [33m404[0m 31.181 ms - 157[0m
[0mGET /css/footer.css [33m404[0m 28.498 ms - 153[0m
[0mGET / [36m304[0m 23.903 ms - -[0m
[0mGET /css/layout.css [33m404[0m 6.414 ms - 153[0m
[0mGET /js/home_posts.js [33m404[0m 9.651 ms - 155[0m
[0mGET /js/toggle_likes.js [33m404[0m 10.799 ms - 157[0m
[0mGET /css/header.css [33m404[0m 13.888 ms - 153[0m
[0mGET /css/footer.css [33m404[0m 15.321 ms - 153[0m
[0mGET /js/chat_engine.js [33m404[0m 15.186 ms - 156[0m
[0mGET /css/chat_box.css [33m404[0m 13.418 ms - 155[0m
[0mGET /users/sign-out [36m302[0m 11.832 ms - 46[0m
[0mGET / [32m200[0m 18.576 ms - 7718[0m
[0mGET /css/layout.css [33m404[0m 2.844 ms - 153[0m
[0mGET /js/home_posts.js [33m404[0m 2.329 ms - 155[0m
[0mGET /css/chat_box.css [33m404[0m 3.552 ms - 155[0m
[0mGET /css/footer.css [33m404[0m 3.541 ms - 153[0m
[0mGET /css/header.css [33m404[0m 4.013 ms - 153[0m
[0mGET /js/toggle_likes.js [33m404[0m 2.494 ms - 157[0m
[0mGET /js/chat_engine.js [33m404[0m 2.999 ms - 156[0m
[0mGET / [32m200[0m 15.121 ms - 7454[0m
[0mGET /css/layout.css [33m404[0m 2.197 ms - 153[0m
[0mGET /css/header.css [33m404[0m 4.429 ms - 153[0m
[0mGET /js/home_posts.js [33m404[0m 4.523 ms - 155[0m
[0mGET /js/toggle_likes.js [33m404[0m 5.373 ms - 157[0m
[0mGET /js/chat_engine.js [33m404[0m 6.714 ms - 156[0m
[0mGET /css/footer.css [33m404[0m 4.136 ms - 153[0m
[0mGET /css/chat_box.css [33m404[0m 4.721 ms - 155[0m
[0mGET / [36m304[0m 17.681 ms - -[0m
[0mGET /css/layout.css [33m404[0m 4.656 ms - 153[0m
[0mGET /js/home_posts.js [33m404[0m 4.446 ms - 155[0m
[0mGET /js/toggle_likes.js [33m404[0m 4.745 ms - 157[0m
[0mGET /css/header.css [33m404[0m 5.463 ms - 153[0m
[0mGET /css/footer.css [33m404[0m 5.693 ms - 153[0m
[0mGET /css/chat_box.css [33m404[0m 5.310 ms - 155[0m
[0mGET /js/chat_engine.js [33m404[0m 2.023 ms - 156[0m
[0mGET / [36m304[0m 12.511 ms - -[0m
[0mGET /css/layout.css [33m404[0m 4.883 ms - 153[0m
[0mGET /js/home_posts.js [33m404[0m 4.753 ms - 155[0m
[0mGET /js/toggle_likes.js [33m404[0m 4.368 ms - 157[0m
[0mGET /css/chat_box.css [33m404[0m 5.428 ms - 155[0m
[0mGET /css/footer.css [33m404[0m 5.772 ms - 153[0m
[0mGET /css/header.css [33m404[0m 7.145 ms - 153[0m
[0mGET /js/chat_engine.js [33m404[0m 8.721 ms - 156[0m
[0mGET / [36m304[0m 17.244 ms - -[0m
[0mGET /css/layout.css [33m404[0m 1.868 ms - 153[0m
[0mGET /css/header.css [33m404[0m 3.858 ms - 153[0m
[0mGET /js/home_posts.js [33m404[0m 4.645 ms - 155[0m
[0mGET /js/toggle_likes.js [33m404[0m 4.683 ms - 157[0m
[0mGET /js/chat_engine.js [33m404[0m 7.484 ms - 156[0m
[0mGET /css/footer.css [33m404[0m 4.683 ms - 153[0m
[0mGET /css/chat_box.css [33m404[0m 4.785 ms - 155[0m
[0mGET / [36m304[0m 20.454 ms - -[0m
[0mGET /css/layout.css [33m404[0m 1.725 ms - 153[0m
[0mGET /js/home_posts.js [33m404[0m 4.076 ms - 155[0m
[0mGET /js/toggle_likes.js [33m404[0m 6.067 ms - 157[0m
[0mGET /js/chat_engine.js [33m404[0m 5.882 ms - 156[0m
[0mGET /css/footer.css [33m404[0m 6.840 ms - 153[0m
[0mGET /css/header.css [33m404[0m 7.318 ms - 153[0m
[0mGET /css/chat_box.css [33m404[0m 8.295 ms - 155[0m
[0mGET / [36m304[0m 14.176 ms - -[0m
[0mGET /css/layout.css [33m404[0m 2.191 ms - 153[0m
[0mGET /css/header.css [33m404[0m 4.328 ms - 153[0m
[0mGET /css/footer.css [33m404[0m 4.992 ms - 153[0m
[0mGET /js/toggle_likes.js [33m404[0m 5.245 ms - 157[0m
[0mGET /js/home_posts.js [33m404[0m 6.139 ms - 155[0m
[0mGET /js/chat_engine.js [33m404[0m 5.763 ms - 156[0m
[0mGET /css/chat_box.css [33m404[0m 6.981 ms - 155[0m
[0mGET / [36m304[0m 15.773 ms - -[0m
[0mGET /css/layout.css [33m404[0m 1.886 ms - 153[0m
[0mGET /css/header.css [33m404[0m 4.610 ms - 153[0m
[0mGET /js/home_posts.js [33m404[0m 5.298 ms - 155[0m
[0mGET /js/toggle_likes.js [33m404[0m 5.304 ms - 157[0m
[0mGET /js/chat_engine.js [33m404[0m 6.566 ms - 156[0m
[0mGET /css/footer.css [33m404[0m 4.375 ms - 153[0m
[0mGET /css/chat_box.css [33m404[0m 3.225 ms - 155[0m
[0mGET / [36m304[0m 14.215 ms - -[0m
[0mGET /css/layout.css [33m404[0m 2.552 ms - 153[0m
[0mGET /css/header.css [33m404[0m 3.038 ms - 153[0m
[0mGET /css/footer.css [33m404[0m 3.408 ms - 153[0m
[0mGET /js/home_posts.js [33m404[0m 3.332 ms - 155[0m
[0mGET /js/toggle_likes.js [33m404[0m 3.420 ms - 157[0m
[0mGET /js/chat_engine.js [33m404[0m 4.086 ms - 156[0m
[0mGET /css/chat_box.css [33m404[0m 1.801 ms - 155[0m
[0mGET / [36m304[0m 12.174 ms - -[0m
[0mGET /css/layout.css [33m404[0m 2.761 ms - 153[0m
[0mGET /css/header.css [33m404[0m 3.640 ms - 153[0m
[0mGET /js/toggle_likes.js [33m404[0m 3.941 ms - 157[0m
[0mGET /css/footer.css [33m404[0m 4.318 ms - 153[0m
[0mGET /js/home_posts.js [33m404[0m 4.809 ms - 155[0m
[0mGET /js/chat_engine.js [33m404[0m 5.625 ms - 156[0m
[0mGET /css/chat_box.css [33m404[0m 1.772 ms - 155[0m
[0mGET / [36m304[0m 15.062 ms - -[0m
[0mGET /css/layout.css [33m404[0m 2.543 ms - 153[0m
[0mGET /js/home_posts.js [33m404[0m 3.557 ms - 155[0m
[0mGET /js/toggle_likes.js [33m404[0m 4.230 ms - 157[0m
[0mGET /css/header.css [33m404[0m 5.556 ms - 153[0m
[0mGET /css/chat_box.css [33m404[0m 3.354 ms - 155[0m
[0mGET /css/footer.css [33m404[0m 3.743 ms - 153[0m
[0mGET /js/chat_engine.js [33m404[0m 4.318 ms - 156[0m
[0mGET / [36m304[0m 25.991 ms - -[0m
[0mGET /css/layout.css [33m404[0m 2.620 ms - 153[0m
[0mGET /css/header.css [33m404[0m 4.699 ms - 153[0m
[0mGET /js/toggle_likes.js [33m404[0m 3.810 ms - 157[0m
[0mGET /css/footer.css [33m404[0m 4.290 ms - 153[0m
[0mGET /js/home_posts.js [33m404[0m 5.029 ms - 155[0m
[0mGET /js/chat_engine.js [33m404[0m 5.476 ms - 156[0m
[0mGET /css/chat_box.css [33m404[0m 2.784 ms - 155[0m
[0mGET /css/header.css [33m404[0m 3.025 ms - 153[0m
[0mGET /css/footer.css [33m404[0m 3.781 ms - 153[0m
[0mGET /css/layout.css [33m404[0m 4.348 ms - 153[0m
[0mGET /css/chat_box.css [33m404[0m 5.046 ms - 155[0m
[0mGET /users/sign-in [36m304[0m 5.824 ms - -[0m
[0mGET /users/css/layout.css [33m404[0m 2.703 ms - 159[0m
[0mGET /users/css/header.css [33m404[0m 4.181 ms - 159[0m
[0mGET /users/css/footer.css [33m404[0m 4.670 ms - 159[0m
[0mGET /users/sign-in [36m304[0m 3.403 ms - -[0m
[0mGET /users/css/layout.css [33m404[0m 1.634 ms - 159[0m
[0mGET /users/css/header.css [33m404[0m 2.442 ms - 159[0m
[0mGET /users/css/footer.css [33m404[0m 3.871 ms - 159[0m
[0mPOST /users/create-session [36m302[0m 7.507 ms - 46[0m
[0mGET / [32m200[0m 18.790 ms - 12260[0m
[0mGET /css/layout.css [33m404[0m 6.900 ms - 153[0m
[0mGET /css/header.css [33m404[0m 9.228 ms - 153[0m
[0mGET /js/home_posts.js [33m404[0m 10.217 ms - 155[0m
[0mGET /js/toggle_likes.js [33m404[0m 13.807 ms - 157[0m
[0mGET /css/chat_box.css [33m404[0m 11.329 ms - 155[0m
[0mGET /css/footer.css [33m404[0m 12.659 ms - 153[0m
[0mGET /js/chat_engine.js [33m404[0m 14.239 ms - 156[0m
[0mGET / [32m200[0m 15.084 ms - 11993[0m
[0mGET /css/layout.css [33m404[0m 6.906 ms - 153[0m
[0mGET /js/toggle_likes.js [33m404[0m 10.167 ms - 157[0m
[0mGET /js/home_posts.js [33m404[0m 15.558 ms - 155[0m
[0mGET /css/header.css [33m404[0m 14.713 ms - 153[0m
[0mGET /css/chat_box.css [33m404[0m 12.051 ms - 155[0m
[0mGET /css/footer.css [33m404[0m 12.038 ms - 153[0m
[0mGET /js/chat_engine.js [33m404[0m 12.162 ms - 156[0m
[0mGET /css/layout.css [33m404[0m 9.843 ms - 153[0m
[0mGET /css/footer.css [33m404[0m 10.681 ms - 153[0m
[0mGET /css/header.css [33m404[0m 11.522 ms - 153[0m
[0mGET /css/chat_box.css [33m404[0m 12.258 ms - 155[0m
[0mGET / [36m304[0m 17.486 ms - -[0m
[0mGET /css/layout.css [33m404[0m 5.561 ms - 153[0m
[0mGET /css/header.css [33m404[0m 9.707 ms - 153[0m
[0mGET /js/home_posts.js [33m404[0m 13.487 ms - 155[0m
[0mGET /js/toggle_likes.js [33m404[0m 15.575 ms - 157[0m
[0mGET /js/chat_engine.js [33m404[0m 18.433 ms - 156[0m
[0mGET /css/footer.css [33m404[0m 15.554 ms - 153[0m
[0mGET /css/chat_box.css [33m404[0m 16.324 ms - 155[0m
[0mGET /css/layout.css [33m404[0m 5.331 ms - 153[0m
[0mGET /css/header.css [33m404[0m 6.363 ms - 153[0m
[0mGET /css/chat_box.css [33m404[0m 7.164 ms - 155[0m
[0mGET /css/footer.css [33m404[0m 7.220 ms - 153[0m
[0mGET / [36m304[0m 16.874 ms - -[0m
[0mGET /css/layout.css [33m404[0m 5.970 ms - 153[0m
[0mGET /css/header.css [33m404[0m 10.394 ms - 153[0m
[0mGET /js/home_posts.js [33m404[0m 11.039 ms - 155[0m
[0mGET /js/toggle_likes.js [33m404[0m 12.895 ms - 157[0m
[0mGET /css/footer.css [33m404[0m 13.296 ms - 153[0m
[0mGET /js/chat_engine.js [33m404[0m 13.619 ms - 156[0m
[0mGET /css/chat_box.css [33m404[0m 11.510 ms - 155[0m
[0mGET /css/layout.css [33m404[0m 4.492 ms - 153[0m
[0mGET /css/header.css [33m404[0m 5.386 ms - 153[0m
[0mGET /css/footer.css [33m404[0m 7.672 ms - 153[0m
[0mGET /css/chat_box.css [33m404[0m 8.057 ms - 155[0m
[0mGET / [36m304[0m 17.611 ms - -[0m
[0mGET /css/layout.css [33m404[0m 9.258 ms - 153[0m
[0mGET /js/home_posts.js [33m404[0m 16.139 ms - 155[0m
[0mGET /css/header.css [33m404[0m 17.065 ms - 153[0m
[0mGET /js/toggle_likes.js [33m404[0m 18.194 ms - 157[0m
[0mGET /css/footer.css [33m404[0m 18.328 ms - 153[0m
[0mGET /css/chat_box.css [33m404[0m 15.430 ms - 155[0m
[0mGET /js/chat_engine.js [33m404[0m 7.866 ms - 156[0m
[0mGET / [36m304[0m 22.440 ms - -[0m
[0mGET /css/layout.css [33m404[0m 8.899 ms - 153[0m
[0mGET /js/home_posts.js [33m404[0m 14.842 ms - 155[0m
[0mGET /js/toggle_likes.js [33m404[0m 15.437 ms - 157[0m
[0mGET /css/header.css [33m404[0m 17.032 ms - 153[0m
[0mGET /css/footer.css [33m404[0m 19.685 ms - 153[0m
[0mGET /css/chat_box.css [33m404[0m 17.162 ms - 155[0m
[0mGET /js/chat_engine.js [33m404[0m 17.929 ms - 156[0m
[0mGET / [36m304[0m 20.143 ms - -[0m
[0mGET /css/layout.css [33m404[0m 4.032 ms - 153[0m
[0mGET /css/header.css [33m404[0m 13.360 ms - 153[0m
[0mGET /css/footer.css [33m404[0m 13.497 ms - 153[0m
[0mGET /js/home_posts.js [33m404[0m 13.835 ms - 155[0m
[0mGET /js/toggle_likes.js [33m404[0m 13.918 ms - 157[0m
[0mGET /js/chat_engine.js [33m404[0m 14.263 ms - 156[0m
[0mGET /css/chat_box.css [33m404[0m 8.764 ms - 155[0m
[0mGET / [36m304[0m 19.863 ms - -[0m
[0mGET /css/layout.css [33m404[0m 3.696 ms - 153[0m
[0mGET /css/header.css [33m404[0m 14.984 ms - 153[0m
[0mGET /css/footer.css [33m404[0m 12.218 ms - 153[0m
[0mGET /js/home_posts.js [33m404[0m 12.274 ms - 155[0m
[0mGET /js/toggle_likes.js [33m404[0m 12.077 ms - 157[0m
[0mGET /js/chat_engine.js [33m404[0m 12.125 ms - 156[0m
[0mGET /css/chat_box.css [33m404[0m 5.369 ms - 155[0m
[0mGET /css/layout.css [33m404[0m 3.277 ms - 153[0m
[0mGET /css/header.css [33m404[0m 4.378 ms - 153[0m
[0mGET /css/chat_box.css [33m404[0m 4.898 ms - 155[0m
[0mGET /css/footer.css [33m404[0m 5.185 ms - 153[0m
[0mGET /css/layout.css [33m404[0m 6.513 ms - 153[0m
[0mGET /css/header.css [33m404[0m 9.025 ms - 153[0m
[0mGET /css/footer.css [33m404[0m 9.744 ms - 153[0m
[0mGET /css/chat_box.css [33m404[0m 10.982 ms - 155[0m
[0mGET / [36m304[0m 16.058 ms - -[0m
[0mGET /css/layout.css [33m404[0m 4.577 ms - 153[0m
[0mGET /js/home_posts.js [33m404[0m 10.772 ms - 155[0m
[0mGET /js/toggle_likes.js [33m404[0m 12.358 ms - 157[0m
[0mGET /js/chat_engine.js [33m404[0m 15.051 ms - 156[0m
[0mGET /css/chat_box.css [33m404[0m 14.476 ms - 155[0m
[0mGET /css/header.css [33m404[0m 15.462 ms - 153[0m
[0mGET /css/footer.css [33m404[0m 16.283 ms - 153[0m
[0mGET /css/header.css [33m404[0m 10.599 ms - 153[0m
[0mGET /css/footer.css [33m404[0m 11.500 ms - 153[0m
[0mGET /css/layout.css [33m404[0m 12.099 ms - 153[0m
[0mGET /css/chat_box.css [33m404[0m 3.726 ms - 155[0m
[0mGET / [36m304[0m 15.189 ms - -[0m
[0mGET /css/layout.css [33m404[0m 5.218 ms - 153[0m
[0mGET /css/header.css [33m404[0m 8.128 ms - 153[0m
[0mGET /js/home_posts.js [33m404[0m 9.081 ms - 155[0m
[0mGET /js/chat_engine.js [33m404[0m 9.960 ms - 156[0m
[0mGET /js/toggle_likes.js [33m404[0m 15.031 ms - 157[0m
[0mGET /css/chat_box.css [33m404[0m 6.957 ms - 155[0m
[0mGET /css/footer.css [33m404[0m 9.105 ms - 153[0m
[0mGET /css/layout.css [33m404[0m 6.490 ms - 153[0m
[0mGET /css/header.css [33m404[0m 9.269 ms - 153[0m
[0mGET /css/footer.css [33m404[0m 9.263 ms - 153[0m
[0mGET /css/chat_box.css [33m404[0m 8.978 ms - 155[0m
[0mGET / [36m304[0m 14.310 ms - -[0m
[0mGET /css/layout.css [33m404[0m 5.244 ms - 153[0m
[0mGET /css/header.css [33m404[0m 4.387 ms - 153[0m
[0mGET /js/home_posts.js [33m404[0m 11.458 ms - 155[0m
[0mGET /js/toggle_likes.js [33m404[0m 12.484 ms - 157[0m
[0mGET /js/chat_engine.js [33m404[0m 18.787 ms - 156[0m
[0mGET /css/chat_box.css [33m404[0m 18.198 ms - 155[0m
[0mGET /css/footer.css [33m404[0m 19.158 ms - 153[0m
[0mGET / [36m304[0m 18.404 ms - -[0m
[0mGET /css/layout.css [33m404[0m 4.264 ms - 153[0m
[0mGET /css/header.css [33m404[0m 9.469 ms - 153[0m
[0mGET /js/home_posts.js [33m404[0m 12.156 ms - 155[0m
[0mGET /js/toggle_likes.js [33m404[0m 12.030 ms - 157[0m
[0mGET /js/chat_engine.js [33m404[0m 12.098 ms - 156[0m
[0mGET /css/footer.css [33m404[0m 9.150 ms - 153[0m
[0mGET /css/chat_box.css [33m404[0m 10.345 ms - 155[0m
[0mGET / [36m304[0m 17.242 ms - -[0m
[0mGET /css/layout.css [33m404[0m 5.203 ms - 153[0m
[0mGET /js/home_posts.js [33m404[0m 14.804 ms - 155[0m
[0mGET /js/toggle_likes.js [33m404[0m 15.270 ms - 157[0m
[0mGET /css/header.css [33m404[0m 16.522 ms - 153[0m
[0mGET /css/footer.css [33m404[0m 20.581 ms - 153[0m
[0mGET /css/chat_box.css [33m404[0m 19.612 ms - 155[0m
[0mGET /js/chat_engine.js [33m404[0m 20.044 ms - 156[0m
[0mGET / [36m304[0m 14.754 ms - -[0m
[0mGET /css/layout.css [33m404[0m 9.985 ms - 153[0m
[0mGET /css/header.css [33m404[0m 15.949 ms - 153[0m
[0mGET /js/home_posts.js [33m404[0m 12.167 ms - 155[0m
[0mGET /js/toggle_likes.js [33m404[0m 11.467 ms - 157[0m
[0mGET /js/chat_engine.js [33m404[0m 5.365 ms - 156[0m
[0mGET /css/footer.css [33m404[0m 11.604 ms - 153[0m
[0mGET /css/chat_box.css [33m404[0m 15.481 ms - 155[0m
[0mGET / [36m304[0m 15.159 ms - -[0m
[0mGET /css/header.css [33m404[0m 8.623 ms - 153[0m
[0mGET /css/layout.css [33m404[0m 12.677 ms - 153[0m
[0mGET /js/home_posts.js [33m404[0m 11.270 ms - 155[0m
[0mGET /js/toggle_likes.js [33m404[0m 13.848 ms - 157[0m
[0mGET /css/footer.css [33m404[0m 15.916 ms - 153[0m
[0mGET /css/chat_box.css [33m404[0m 12.286 ms - 155[0m
[0mGET /js/chat_engine.js [33m404[0m 5.515 ms - 156[0m
[0mGET / [36m304[0m 14.420 ms - -[0m
[0mGET /css/layout.css [33m404[0m 4.664 ms - 153[0m
[0mGET /css/header.css [33m404[0m 8.092 ms - 153[0m
[0mGET /js/home_posts.js [33m404[0m 12.669 ms - 155[0m
[0mGET /js/toggle_likes.js [33m404[0m 13.659 ms - 157[0m
[0mGET /js/chat_engine.js [33m404[0m 17.245 ms - 156[0m
[0mGET /css/chat_box.css [33m404[0m 9.343 ms - 155[0m
[0mGET /css/footer.css [33m404[0m 9.425 ms - 153[0m
[0mGET / [36m304[0m 17.592 ms - -[0m
[0mGET /css/layout.css [33m404[0m 3.611 ms - 153[0m
[0mGET /css/header.css [33m404[0m 10.488 ms - 153[0m
[0mGET /js/home_posts.js [33m404[0m 14.841 ms - 155[0m
[0mGET /js/toggle_likes.js [33m404[0m 15.618 ms - 157[0m
[0mGET /js/chat_engine.js [33m404[0m 19.091 ms - 156[0m
[0mGET /css/chat_box.css [33m404[0m 18.769 ms - 155[0m
[0mGET /css/footer.css [33m404[0m 13.958 ms - 153[0m
[0mGET / [36m304[0m 20.620 ms - -[0m
[0mGET /css/layout.css [33m404[0m 4.708 ms - 153[0m
[0mGET /css/header.css [33m404[0m 7.893 ms - 153[0m
[0mGET /js/home_posts.js [33m404[0m 10.486 ms - 155[0m
[0mGET /js/toggle_likes.js [33m404[0m 11.077 ms - 157[0m
[0mGET /js/chat_engine.js [33m404[0m 11.099 ms - 156[0m
[0mGET /css/footer.css [33m404[0m 9.878 ms - 153[0m
[0mGET /css/chat_box.css [33m404[0m 7.603 ms - 155[0m
[0mGET /css/layout.css [33m404[0m 7.189 ms - 153[0m
[0mGET /css/header.css [33m404[0m 7.584 ms - 153[0m
[0mGET /css/footer.css [33m404[0m 8.742 ms - 153[0m
[0mGET /css/chat_box.css [33m404[0m 9.113 ms - 155[0m
[0mGET /css/layout.css [33m404[0m 6.064 ms - 153[0m
[0mGET /css/header.css [33m404[0m 10.566 ms - 153[0m
[0mGET /css/footer.css [33m404[0m 12.661 ms - 153[0m
[0mGET /css/chat_box.css [33m404[0m 13.489 ms - 155[0m
[0mGET / [36m304[0m 14.166 ms - -[0m
[0mGET /css/layout.css [33m404[0m 4.875 ms - 153[0m
[0mGET /css/header.css [33m404[0m 12.358 ms - 153[0m
[0mGET /css/footer.css [33m404[0m 14.339 ms - 153[0m
[0mGET /js/home_posts.js [33m404[0m 13.972 ms - 155[0m
[0mGET /js/toggle_likes.js [33m404[0m 14.230 ms - 157[0m
[0mGET /js/chat_engine.js [33m404[0m 11.400 ms - 156[0m
[0mGET /css/chat_box.css [33m404[0m 9.932 ms - 155[0m
[0mGET /css/layout.css [33m404[0m 4.593 ms - 153[0m
[0mGET / [32m200[0m 65.638 ms - 11908[0m
[0mGET /js/home_posts.js [33m404[0m 8.082 ms - 155[0m
[0mGET /js/toggle_likes.js [33m404[0m 13.996 ms - 157[0m
[0mGET /js/chat_engine.js [33m404[0m 14.225 ms - 156[0m
[0mGET / [36m304[0m 44.040 ms - -[0m
[0mGET /js/home_posts.js [33m404[0m 11.521 ms - 155[0m
[0mGET /js/toggle_likes.js [33m404[0m 12.719 ms - 157[0m
[0mGET /js/chat_engine.js [33m404[0m 18.352 ms - 156[0m
[0mGET /css/layout.css [33m404[0m 16.712 ms - 153[0m
[0mGET /users/sign-out [36m302[0m 15.829 ms - 46[0m
[0mGET / [32m200[0m 24.763 ms - 7635[0m
[0mGET /css/layout.css [33m404[0m 2.608 ms - 153[0m
[0mGET /js/home_posts.js [33m404[0m 4.507 ms - 155[0m
[0mGET /js/toggle_likes.js [33m404[0m 6.522 ms - 157[0m
[0mGET /js/chat_engine.js [33m404[0m 4.812 ms - 156[0m
[0mGET /users/sign-in [32m200[0m 5.723 ms - 2011[0m
[0mGET /users/css/layout.css [33m404[0m 2.896 ms - 159[0m
[0mPOST /users/create-session [36m302[0m 8.916 ms - 46[0m
[0mGET / [32m200[0m 29.569 ms - 12177[0m
[0mGET /css/layout.css [33m404[0m 6.508 ms - 153[0m
[0mGET /js/home_posts.js [33m404[0m 8.906 ms - 155[0m
[0mGET /js/toggle_likes.js [33m404[0m 9.648 ms - 157[0m
[0mGET /js/chat_engine.js [33m404[0m 10.466 ms - 156[0m
[0mGET /users/sign-out [36m302[0m 9.762 ms - 46[0m
[0mGET / [32m200[0m 17.854 ms - 7635[0m
[0mGET /css/layout.css [33m404[0m 1.865 ms - 153[0m
[0mGET /js/home_posts.js [33m404[0m 3.775 ms - 155[0m
[0mGET /js/toggle_likes.js [33m404[0m 4.188 ms - 157[0m
[0mGET /js/chat_engine.js [33m404[0m 5.516 ms - 156[0m
[0mGET / [32m200[0m 25.156 ms - 7369[0m
[0mGET /css/layout.css [33m404[0m 4.853 ms - 153[0m
[0mGET /js/home_posts.js [33m404[0m 4.463 ms - 155[0m
[0mGET /js/toggle_likes.js [33m404[0m 5.095 ms - 157[0m
[0mGET /js/chat_engine.js [33m404[0m 12.598 ms - 156[0m
[0mGET / [36m304[0m 28.805 ms - -[0m
[0mGET /css/layout.css [33m404[0m 2.565 ms - 153[0m
[0mGET /js/home_posts.js [33m404[0m 6.157 ms - 155[0m
[0mGET /js/toggle_likes.js [33m404[0m 5.827 ms - 157[0m
[0mGET /js/chat_engine.js [33m404[0m 6.126 ms - 156[0m
[0mGET /css/layout.css [33m404[0m 1.712 ms - 153[0m
[0mGET /css/layout.css [33m404[0m 2.144 ms - 153[0m
[0mGET /users/sign-in [36m304[0m 6.005 ms - -[0m
[0mGET /users/css/layout.css [33m404[0m 4.093 ms - 159[0m
[0mGET /users/css/layout.css [33m404[0m 2.975 ms - 159[0m
[0mGET / [32m200[0m 60.280 ms - 7370[0m
[0mGET /users/sign-in [36m304[0m 7.360 ms - -[0m
[0mGET /users/css/layout.css [33m404[0m 4.736 ms - 159[0m
[0mGET /users/css/layout.css [33m404[0m 2.935 ms - 159[0m
[0mGET /users/sign-in [36m304[0m 8.996 ms - -[0m
[0mGET /users/css/layout.css [33m404[0m 2.417 ms - 159[0m
[0mPOST /users/create-session [36m302[0m 13.285 ms - 46[0m
[0mGET / [32m200[0m 35.533 ms - 12178[0m
[0mGET / [32m200[0m 64.019 ms - 11908[0m
[0mGET / [36m304[0m 32.625 ms - -[0m
[0mGET / [36m304[0m 28.191 ms - -[0m
[0mGET / [36m304[0m 23.683 ms - -[0m
[0mGET / [36m304[0m 22.164 ms - -[0m
[0mGET / [36m304[0m 32.682 ms - -[0m
[0mGET /users/sign-out [36m302[0m 13.832 ms - 46[0m
[0mGET / [32m200[0m 24.187 ms - 7635[0m
[0mGET /users/sign-in [36m304[0m 8.395 ms - -[0m
[0mGET /users/css/layout.css [33m404[0m 3.193 ms - 159[0m
[0mPOST /users/create-session [36m302[0m 6.714 ms - 46[0m
[0mGET / [32m200[0m 28.111 ms - 12177[0m
[0mPOST /likes/toggle/?id=649d4df08fd748541277ab21&type=Post [32m200[0m 15.211 ms - 57[0m
[0mPOST /likes/toggle/?id=649d4df08fd748541277ab21&type=Post [32m200[0m 15.129 ms - 60[0m
[0mGET /users/sign-out [36m302[0m 7.940 ms - 46[0m
[0mGET / [32m200[0m 18.209 ms - 7635[0m
[0mGET /users/sign-in [36m304[0m 6.311 ms - -[0m
[0mGET /users/css/layout.css [33m404[0m 2.503 ms - 159[0m
[0mGET /users/sign-in [36m304[0m 6.642 ms - -[0m
[0mGET /users/css/layout.css [33m404[0m 3.299 ms - 159[0m
[0mGET /users/sign-up [32m200[0m 5.575 ms - 2166[0m
[0mGET /users/css/layout.css [33m404[0m 2.620 ms - 159[0m
[0mGET /users/sign-in [36m304[0m 6.153 ms - -[0m
[0mGET /users/css/layout.css [33m404[0m 2.887 ms - 159[0m
[0mGET /users/css/layout.css [33m404[0m 3.002 ms - 159[0m
[0mGET /users/sign-in [36m304[0m 3.951 ms - -[0m
[0mGET /users/css/layout.css [33m404[0m 3.133 ms - 159[0m
[0mGET /users/css/layout.css [33m404[0m 3.217 ms - 159[0m
[0mGET /users/sign-up [36m304[0m 12.012 ms - -[0m
[0mGET /users/css/layout.css [33m404[0m 3.975 ms - 159[0m
[0mGET /users/css/layout.css [33m404[0m 3.729 ms - 159[0m
[0mGET /users/sign-in [36m304[0m 5.996 ms - -[0m
[0mGET /users/css/layout.css [33m404[0m 2.416 ms - 159[0m
[0mGET /users/sign-in [36m304[0m 3.988 ms - -[0m
[0mGET /users/css/layout.css [33m404[0m 2.799 ms - 159[0m
[0mGET /users/sign-in [36m304[0m 6.226 ms - -[0m
[0mGET /users/css/layout.css [33m404[0m 2.950 ms - 159[0m
[0mGET /users/sign-in [36m304[0m 3.848 ms - -[0m
[0mGET /users/css/layout.css [33m404[0m 3.466 ms - 159[0m
[0mGET /users/sign-in [36m304[0m 5.315 ms - -[0m
[0mGET /users/css/layout.css [33m404[0m 2.950 ms - 159[0m
[0mGET /users/sign-in [32m200[0m 7.036 ms - 2110[0m
[0mGET /users/css/layout.css [33m404[0m 2.635 ms - 159[0m
[0mGET /users/css/header.css [33m404[0m 3.563 ms - 159[0m
[0mGET /users/css/footer.css [33m404[0m 8.443 ms - 159[0m
[0mGET /users/sign-in [36m304[0m 9.570 ms - -[0m
[0mGET /users/css/layout.css [33m404[0m 2.753 ms - 159[0m
[0mGET /users/css/header.css [33m404[0m 3.799 ms - 159[0m
[0mGET /users/css/footer.css [33m404[0m 4.223 ms - 159[0m
[0mGET /users/sign-in [36m304[0m 4.061 ms - -[0m
[0mGET /users/css/layout.css [33m404[0m 3.764 ms - 159[0m
[0mGET /users/css/header.css [33m404[0m 5.582 ms - 159[0m
[0mGET /users/css/footer.css [33m404[0m 8.590 ms - 159[0m
[0mGET /users/sign-in [36m304[0m 5.813 ms - -[0m
[0mGET /users/css/layout.css [33m404[0m 3.035 ms - 159[0m
[0mGET /users/css/header.css [33m404[0m 3.206 ms - 159[0m
[0mGET /users/css/footer.css [33m404[0m 4.593 ms - 159[0m
[0mGET /users/sign-in [36m304[0m 4.080 ms - -[0m
[0mGET /users/css/layout.css [33m404[0m 3.228 ms - 159[0m
[0mGET /users/css/header.css [33m404[0m 3.087 ms - 159[0m
[0mGET /users/css/footer.css [33m404[0m 5.637 ms - 159[0m
[0mGET / [32m200[0m 32.284 ms - 7468[0m
[0mGET /users/sign-up [32m200[0m 5.717 ms - 2265[0m
[0mGET /users/css/layout.css [33m404[0m 3.047 ms - 159[0m
[0mGET /users/css/header.css [33m404[0m 4.587 ms - 159[0m
[0mGET /users/css/footer.css [33m404[0m 5.381 ms - 159[0m
[0mGET /users/sign-up [32m200[0m 6.972 ms - 2263[0m
[0mGET /users/css/layout.css [33m404[0m 3.199 ms - 159[0m
[0mGET /users/css/header.css [33m404[0m 2.780 ms - 159[0m
[0mGET /users/css/footer.css [33m404[0m 3.370 ms - 159[0m
[0mGET /users/css/header.css [33m404[0m 2.934 ms - 159[0m
[0mGET /users/css/footer.css [33m404[0m 1.879 ms - 159[0m
[0mGET / [32m200[0m 27.891 ms - 7466[0m
[0mGET / [36m304[0m 70.915 ms - -[0m
[0mGET /users/sign-up [36m304[0m 7.160 ms - -[0m
[0mGET /users/css/layout.css [33m404[0m 6.370 ms - 159[0m
[0mGET /users/css/header.css [33m404[0m 12.492 ms - 159[0m
[0mGET /users/css/footer.css [33m404[0m 14.371 ms - 159[0m
[0mGET /users/css/layout.css [33m404[0m 3.434 ms - 159[0m
[0mGET /users/css/header.css [33m404[0m 2.452 ms - 159[0m
[0mGET /users/css/footer.css [33m404[0m 2.177 ms - 159[0m
[0mGET /users/sign-in [32m200[0m 5.674 ms - 2108[0m
[0mGET /users/css/layout.css [33m404[0m 3.147 ms - 159[0m
[0mGET /users/css/header.css [33m404[0m 5.049 ms - 159[0m
[0mGET /users/css/footer.css [33m404[0m 6.439 ms - 159[0m
[0mGET /users/css/footer.css [33m404[0m 4.651 ms - 159[0m
[0mPOST /users/create-session [36m302[0m 11.738 ms - 46[0m
[0mGET / [32m200[0m 36.555 ms - 12493[0m
[0mPOST /likes/toggle/?id=649a7a8522c287807aa00f51&type=Post [32m200[0m 20.467 ms - 60[0m
[0mPOST /likes/toggle/?id=649a7a8522c287807aa00f51&type=Post [32m200[0m 9.075 ms - 57[0m
[0mPOST /likes/toggle/?id=64a468a56d2251efad40b044&type=Comment [32m200[0m 12.306 ms - 60[0m
[0mPOST /likes/toggle/?id=64a468a56d2251efad40b044&type=Comment [32m200[0m 10.070 ms - 57[0m
[0mGET /users/sign-out [36m302[0m 8.710 ms - 46[0m
[0mGET / [32m200[0m 23.501 ms - 7734[0m
[0mGET / [32m200[0m 24.702 ms - 7468[0m
[0mGET /users/sign-in [32m200[0m 6.191 ms - 2112[0m
[0mGET /users/css/layout.css [33m404[0m 2.483 ms - 159[0m
[0mGET / [32m200[0m 22.438 ms - 7468[0m
[0mGET /users/sign-in [32m200[0m 8.413 ms - 2112[0m
[0mGET /users/css/layout.css [33m404[0m 2.466 ms - 159[0m
[0mGET /users/sign-in [36m304[0m 4.666 ms - -[0m
[0mGET /users/css/layout.css [33m404[0m 3.939 ms - 159[0m
[0mGET /users/sign-up [32m200[0m 3.997 ms - 2265[0m
[0mGET /users/css/layout.css [33m404[0m 3.524 ms - 159[0m
[0mGET /users/sign-in [36m304[0m 5.274 ms - -[0m
[0mGET /users/css/layout.css [33m404[0m 1.858 ms - 159[0m
[0mGET /users/sign-up [36m304[0m 4.835 ms - -[0m
[0mGET /users/css/layout.css [33m404[0m 8.917 ms - 159[0m
[0mGET /users/css/layout.css [33m404[0m 2.821 ms - 159[0m
[0mGET /users/sign-up [32m200[0m 5.365 ms - 2173[0m
[0mGET /users/css/layout.css [33m404[0m 2.441 ms - 159[0m
[0mGET /users/css/layout.css [33m404[0m 3.129 ms - 159[0m
[0mGET /users/sign-up [32m200[0m 4.853 ms - 2174[0m
[0mGET /users/sign-in [32m200[0m 5.509 ms - 2021[0m
[0mGET / [32m200[0m 78.700 ms - 7376[0m
[0mGET /users/sign-in [32m200[0m 11.555 ms - 2020[0m
[0mGET /users/css/layout.css [33m404[0m 5.412 ms - 159[0m
[0mGET /users/sign-in [32m200[0m 16.966 ms - 2021[0m
[0mGET /users/sign-in [36m304[0m 9.651 ms - -[0m
