[0mGET / [36m304[0m 78.918 ms - -[0m
[0mGET / [36m304[0m 68.789 ms - -[0m
[0mGET / [36m304[0m 81.433 ms - -[0m
[0mGET / [36m304[0m 104.208 ms - -[0m
[0mGET / [36m304[0m 67.307 ms - -[0m
[0mGET / [36m304[0m 129.471 ms - -[0m
[0mGET / [32m200[0m 111.399 ms - 7437[0m
[0mGET / [32m200[0m 78.515 ms - 7525[0m
[0mGET /css/layout-744a406b29.css [33m404[0m 10.630 ms - 164[0m
[0mGET /css/header-d41d8cd98f.css [33m404[0m 27.038 ms - 164[0m
[0mGET /js/home_posts-bfe57a592e.js [33m404[0m 12.077 ms - 166[0m
[0mGET /css/footer-d41d8cd98f.css [33m404[0m 24.356 ms - 164[0m
[0mGET /css/home-b05b9e5ee9.css [33m404[0m 11.164 ms - 162[0m
[0mGET /css/chat_box-3aa9f1fb21.css [33m404[0m 25.295 ms - 166[0m
[0mGET /js/toggle_likes-b3e3866605.js [33m404[0m 9.989 ms - 168[0m
[0mGET /js/chat_engine-ab46d6d667.js [33m404[0m 4.002 ms - 167[0m
[0mGET / [36m304[0m 68.195 ms - -[0m
[0mGET /css/layout-744a406b29.css [33m404[0m 7.406 ms - 164[0m
[0mGET /js/home_posts-bfe57a592e.js [33m404[0m 6.721 ms - 166[0m
[0mGET /css/home-b05b9e5ee9.css [33m404[0m 8.359 ms - 162[0m
[0mGET /css/header-d41d8cd98f.css [33m404[0m 19.952 ms - 164[0m
[0mGET /js/toggle_likes-b3e3866605.js [33m404[0m 6.534 ms - 168[0m
[0mGET /css/footer-d41d8cd98f.css [33m404[0m 21.728 ms - 164[0m
[0mGET /css/chat_box-3aa9f1fb21.css [33m404[0m 17.182 ms - 166[0m
[0mGET /js/chat_engine-ab46d6d667.js [33m404[0m 4.593 ms - 167[0m
[0mGET / [36m304[0m 28.984 ms - -[0m
[0mGET /css/layout-744a406b29.css [33m404[0m 3.373 ms - 164[0m
[0mGET /css/header-d41d8cd98f.css [33m404[0m 6.109 ms - 164[0m
[0mGET /css/footer-d41d8cd98f.css [33m404[0m 5.959 ms - 164[0m
[0mGET /js/home_posts-bfe57a592e.js [33m404[0m 6.606 ms - 166[0m
[0mGET /js/toggle_likes-b3e3866605.js [33m404[0m 10.032 ms - 168[0m
[0mGET /css/home-b05b9e5ee9.css [33m404[0m 9.576 ms - 162[0m
[0mGET /js/chat_engine-ab46d6d667.js [33m404[0m 6.226 ms - 167[0m
[0mGET /css/chat_box-3aa9f1fb21.css [33m404[0m 18.240 ms - 166[0m
[0mGET / [36m304[0m 34.994 ms - -[0m
[0mGET /css/layout-744a406b29.css [33m404[0m 3.162 ms - 164[0m
[0mGET /css/header-d41d8cd98f.css [33m404[0m 2.840 ms - 164[0m
[0mGET /css/footer-d41d8cd98f.css [33m404[0m 3.643 ms - 164[0m
[0mGET /css/home-b05b9e5ee9.css [33m404[0m 6.073 ms - 162[0m
[0mGET /js/toggle_likes-b3e3866605.js [33m404[0m 4.962 ms - 168[0m
[0mGET /css/chat_box-3aa9f1fb21.css [33m404[0m 4.721 ms - 166[0m
[0mGET /js/home_posts-bfe57a592e.js [33m404[0m 6.179 ms - 166[0m
[0mGET /js/chat_engine-ab46d6d667.js [33m404[0m 4.239 ms - 167[0m
[0mGET / [36m304[0m 85.309 ms - -[0m
[0mGET /css/layout-744a406b29.css [33m404[0m 9.833 ms - 164[0m
[0mGET /css/home-b05b9e5ee9.css [33m404[0m 10.369 ms - 162[0m
[0mGET /css/header-d41d8cd98f.css [33m404[0m 22.352 ms - 164[0m
[0mGET /css/footer-d41d8cd98f.css [33m404[0m 10.980 ms - 164[0m
[0mGET /js/toggle_likes-b3e3866605.js [33m404[0m 25.167 ms - 168[0m
[0mGET /js/home_posts-bfe57a592e.js [33m404[0m 8.800 ms - 166[0m
[0mGET /css/chat_box-3aa9f1fb21.css [33m404[0m 27.093 ms - 166[0m
[0mGET /js/chat_engine-ab46d6d667.js [33m404[0m 4.366 ms - 167[0m
[0mGET / [36m304[0m 29.176 ms - -[0m
[0mGET /css/layout-744a406b29.css [33m404[0m 6.069 ms - 164[0m
[0mGET /css/header-d41d8cd98f.css [33m404[0m 9.464 ms - 164[0m
[0mGET /css/footer-d41d8cd98f.css [33m404[0m 10.018 ms - 164[0m
[0mGET /css/home-b05b9e5ee9.css [33m404[0m 10.077 ms - 162[0m
[0mGET /js/home_posts-bfe57a592e.js [33m404[0m 11.830 ms - 166[0m
[0mGET /css/chat_box-3aa9f1fb21.css [33m404[0m 11.610 ms - 166[0m
[0mGET /js/toggle_likes-b3e3866605.js [33m404[0m 5.157 ms - 168[0m
[0mGET /js/chat_engine-ab46d6d667.js [33m404[0m 3.389 ms - 167[0m
[0mGET / [36m304[0m 28.239 ms - -[0m
[0mGET /css/layout-744a406b29.css [33m404[0m 2.922 ms - 164[0m
[0mGET /css/header-d41d8cd98f.css [33m404[0m 6.004 ms - 164[0m
[0mGET /css/home-b05b9e5ee9.css [33m404[0m 6.038 ms - 162[0m
[0mGET /css/footer-d41d8cd98f.css [33m404[0m 6.157 ms - 164[0m
[0mGET /js/home_posts-bfe57a592e.js [33m404[0m 8.153 ms - 166[0m
[0mGET /css/chat_box-3aa9f1fb21.css [33m404[0m 6.971 ms - 166[0m
[0mGET /js/toggle_likes-b3e3866605.js [33m404[0m 9.063 ms - 168[0m
[0mGET /js/chat_engine-ab46d6d667.js [33m404[0m 2.770 ms - 167[0m
[0mGET / [36m304[0m 26.436 ms - -[0m
[0mGET /css/layout-744a406b29.css [33m404[0m 2.486 ms - 164[0m
[0mGET /css/header-d41d8cd98f.css [33m404[0m 5.275 ms - 164[0m
[0mGET /js/home_posts-bfe57a592e.js [33m404[0m 5.580 ms - 166[0m
[0mGET /css/footer-d41d8cd98f.css [33m404[0m 5.563 ms - 164[0m
[0mGET /css/home-b05b9e5ee9.css [33m404[0m 5.622 ms - 162[0m
[0mGET /css/chat_box-3aa9f1fb21.css [33m404[0m 8.665 ms - 166[0m
[0mGET /js/toggle_likes-b3e3866605.js [33m404[0m 6.906 ms - 168[0m
[0mGET /js/chat_engine-ab46d6d667.js [33m404[0m 4.328 ms - 167[0m
[0mGET / [36m304[0m 27.889 ms - -[0m
[0mGET /css/layout-744a406b29.css [33m404[0m 2.087 ms - 164[0m
[0mGET /css/header-d41d8cd98f.css [33m404[0m 4.094 ms - 164[0m
[0mGET /css/footer-d41d8cd98f.css [33m404[0m 6.334 ms - 164[0m
[0mGET /css/home-b05b9e5ee9.css [33m404[0m 7.749 ms - 162[0m
[0mGET /js/home_posts-bfe57a592e.js [33m404[0m 7.694 ms - 166[0m
[0mGET /js/toggle_likes-b3e3866605.js [33m404[0m 7.907 ms - 168[0m
[0mGET /css/chat_box-3aa9f1fb21.css [33m404[0m 8.026 ms - 166[0m
[0mGET /js/chat_engine-ab46d6d667.js [33m404[0m 2.175 ms - 167[0m
[0mGET / [36m304[0m 30.921 ms - -[0m
[0mGET /css/layout-744a406b29.css [33m404[0m 2.669 ms - 164[0m
[0mGET /css/header-d41d8cd98f.css [33m404[0m 3.593 ms - 164[0m
[0mGET /css/footer-d41d8cd98f.css [33m404[0m 4.871 ms - 164[0m
[0mGET /js/home_posts-bfe57a592e.js [33m404[0m 7.933 ms - 166[0m
[0mGET /css/home-b05b9e5ee9.css [33m404[0m 7.922 ms - 162[0m
[0mGET /css/chat_box-3aa9f1fb21.css [33m404[0m 8.466 ms - 166[0m
[0mGET /js/toggle_likes-b3e3866605.js [33m404[0m 7.794 ms - 168[0m
[0mGET /js/chat_engine-ab46d6d667.js [33m404[0m 5.054 ms - 167[0m
[0mGET / [36m304[0m 25.792 ms - -[0m
[0mGET /css/layout-744a406b29.css [33m404[0m 2.224 ms - 164[0m
[0mGET /css/header-d41d8cd98f.css [33m404[0m 8.676 ms - 164[0m
[0mGET /css/footer-d41d8cd98f.css [33m404[0m 5.248 ms - 164[0m
[0mGET /js/toggle_likes-b3e3866605.js [33m404[0m 9.197 ms - 168[0m
[0mGET /js/home_posts-bfe57a592e.js [33m404[0m 9.188 ms - 166[0m
[0mGET /css/home-b05b9e5ee9.css [33m404[0m 9.023 ms - 162[0m
[0mGET /css/chat_box-3aa9f1fb21.css [33m404[0m 8.711 ms - 166[0m
[0mGET /js/chat_engine-ab46d6d667.js [33m404[0m 2.141 ms - 167[0m
[0mGET / [36m304[0m 21.966 ms - -[0m
[0mGET /css/layout-744a406b29.css [33m404[0m 3.353 ms - 164[0m
[0mGET /css/header-d41d8cd98f.css [33m404[0m 3.341 ms - 164[0m
[0mGET /js/home_posts-bfe57a592e.js [33m404[0m 8.490 ms - 166[0m
[0mGET /css/home-b05b9e5ee9.css [33m404[0m 8.445 ms - 162[0m
[0mGET /css/footer-d41d8cd98f.css [33m404[0m 8.531 ms - 164[0m
[0mGET /css/chat_box-3aa9f1fb21.css [33m404[0m 8.687 ms - 166[0m
[0mGET /js/toggle_likes-b3e3866605.js [33m404[0m 8.963 ms - 168[0m
[0mGET /js/chat_engine-ab46d6d667.js [33m404[0m 1.932 ms - 167[0m
[0mGET / [36m304[0m 24.979 ms - -[0m
[0mGET /css/layout-744a406b29.css [33m404[0m 3.681 ms - 164[0m
[0mGET /css/header-d41d8cd98f.css [33m404[0m 10.186 ms - 164[0m
[0mGET /css/footer-d41d8cd98f.css [33m404[0m 9.621 ms - 164[0m
[0mGET /css/home-b05b9e5ee9.css [33m404[0m 13.153 ms - 162[0m
[0mGET /js/home_posts-bfe57a592e.js [33m404[0m 16.681 ms - 166[0m
[0mGET /css/chat_box-3aa9f1fb21.css [33m404[0m 10.179 ms - 166[0m
[0mGET /js/toggle_likes-b3e3866605.js [33m404[0m 14.216 ms - 168[0m
[0mGET /js/chat_engine-ab46d6d667.js [33m404[0m 2.530 ms - 167[0m
[0mGET /css/layout-744a406b29.css [33m404[0m 6.276 ms - 164[0m
[0mGET /css/header-d41d8cd98f.css [33m404[0m 8.414 ms - 164[0m
[0mGET /css/footer-d41d8cd98f.css [33m404[0m 9.600 ms - 164[0m
[0mGET /css/home-b05b9e5ee9.css [33m404[0m 9.655 ms - 162[0m
[0mGET /css/chat_box-3aa9f1fb21.css [33m404[0m 9.468 ms - 166[0m
[0mGET / [36m304[0m 31.858 ms - -[0m
[0mGET /css/layout-744a406b29.css [33m404[0m 3.354 ms - 164[0m
[0mGET /css/header-d41d8cd98f.css [33m404[0m 3.944 ms - 164[0m
[0mGET /css/home-b05b9e5ee9.css [33m404[0m 9.360 ms - 162[0m
[0mGET /css/chat_box-3aa9f1fb21.css [33m404[0m 9.549 ms - 166[0m
[0mGET /css/footer-d41d8cd98f.css [33m404[0m 15.719 ms - 164[0m
[0mGET /js/home_posts-bfe57a592e.js [33m404[0m 15.835 ms - 166[0m
[0mGET /js/toggle_likes-b3e3866605.js [33m404[0m 11.490 ms - 168[0m
[0mGET /js/chat_engine-ab46d6d667.js [33m404[0m 2.697 ms - 167[0m
[0mGET /css/layout-744a406b29.css [33m404[0m 2.181 ms - 164[0m
[0mGET /css/header-d41d8cd98f.css [33m404[0m 3.389 ms - 164[0m
[0mGET / [36m304[0m 78.592 ms - -[0m
[0mGET /css/layout-744a406b29.css [33m404[0m 8.263 ms - 164[0m
[0mGET /css/home-b05b9e5ee9.css [33m404[0m 15.290 ms - 162[0m
[0mGET /css/header-d41d8cd98f.css [33m404[0m 12.722 ms - 164[0m
[0mGET /css/footer-d41d8cd98f.css [33m404[0m 27.816 ms - 164[0m
[0mGET /css/chat_box-3aa9f1fb21.css [33m404[0m 13.938 ms - 166[0m
[0mGET /js/toggle_likes-b3e3866605.js [33m404[0m 19.849 ms - 168[0m
[0mGET /js/home_posts-bfe57a592e.js [33m404[0m 36.623 ms - 166[0m
[0mGET /js/chat_engine-ab46d6d667.js [33m404[0m 4.161 ms - 167[0m
[0mGET /css/layout-744a406b29.css [33m404[0m 3.676 ms - 164[0m
[0mGET / [36m304[0m 80.708 ms - -[0m
[0mGET /css/header-d41d8cd98f.css [33m404[0m 8.592 ms - 164[0m
[0mGET /css/layout-744a406b29.css [33m404[0m 11.807 ms - 164[0m
[0mGET /css/footer-d41d8cd98f.css [33m404[0m 12.320 ms - 164[0m
[0mGET /css/chat_box-3aa9f1fb21.css [33m404[0m 16.122 ms - 166[0m
[0mGET /js/home_posts-bfe57a592e.js [33m404[0m 25.662 ms - 166[0m
[0mGET /css/home-b05b9e5ee9.css [33m404[0m 32.607 ms - 162[0m
[0mGET /js/toggle_likes-b3e3866605.js [33m404[0m 12.131 ms - 168[0m
[0mGET /js/chat_engine-ab46d6d667.js [33m404[0m 17.564 ms - 167[0m
[0mGET / [32m200[0m 90.340 ms - 7437[0m
[0mGET / [32m200[0m 58.084 ms - 7525[0m
[0mGET /css/layout-744a406b29.css [33m404[0m 4.962 ms - 164[0m
[0mGET /css/footer-d41d8cd98f.css [33m404[0m 9.249 ms - 164[0m
[0mGET /css/chat_box-3aa9f1fb21.css [33m404[0m 10.603 ms - 166[0m
[0mGET /js/home_posts-bfe57a592e.js [33m404[0m 25.402 ms - 166[0m
[0mGET /css/header-d41d8cd98f.css [33m404[0m 30.112 ms - 164[0m
[0mGET /css/home-b05b9e5ee9.css [33m404[0m 17.842 ms - 162[0m
[0mGET /js/toggle_likes-b3e3866605.js [33m404[0m 28.149 ms - 168[0m
[0mGET /js/chat_engine-ab46d6d667.js [33m404[0m 8.424 ms - 167[0m
[0mGET / [36m304[0m 63.521 ms - -[0m
[0mGET /css/layout-744a406b29.css [33m404[0m 11.118 ms - 164[0m
[0mGET /css/header-d41d8cd98f.css [33m404[0m 24.925 ms - 164[0m
[0mGET /js/toggle_likes-b3e3866605.js [33m404[0m 14.669 ms - 168[0m
[0mGET /css/home-b05b9e5ee9.css [33m404[0m 15.686 ms - 162[0m
[0mGET /css/footer-d41d8cd98f.css [33m404[0m 22.761 ms - 164[0m
[0mGET /css/chat_box-3aa9f1fb21.css [33m404[0m 25.220 ms - 166[0m
[0mGET /js/home_posts-bfe57a592e.js [33m404[0m 18.614 ms - 166[0m
[0mGET /js/chat_engine-ab46d6d667.js [33m404[0m 5.697 ms - 167[0m
[0mGET / [36m304[0m 63.366 ms - -[0m
[0mGET /css/layout-744a406b29.css [33m404[0m 9.487 ms - 164[0m
[0mGET /css/chat_box-3aa9f1fb21.css [33m404[0m 13.866 ms - 166[0m
[0mGET /css/home-b05b9e5ee9.css [33m404[0m 20.067 ms - 162[0m
[0mGET /js/home_posts-bfe57a592e.js [33m404[0m 10.964 ms - 166[0m
[0mGET /css/footer-d41d8cd98f.css [33m404[0m 32.601 ms - 164[0m
[0mGET /css/header-d41d8cd98f.css [33m404[0m 32.955 ms - 164[0m
[0mGET /js/toggle_likes-b3e3866605.js [33m404[0m 13.355 ms - 168[0m
[0mGET /js/chat_engine-ab46d6d667.js [33m404[0m 7.291 ms - 167[0m
[0mGET / [32m200[0m 97.407 ms - 7437[0m
[0mGET /favicon.ico [33m404[0m 8.345 ms - 150[0m
[0mGET / [36m304[0m 96.432 ms - -[0m
[0mGET /users/sign-in [36m304[0m 8.217 ms - -[0m
[0mGET / [36m304[0m 96.736 ms - -[0m
[0mGET / [32m200[0m 94.201 ms - 7437[0m
[0mGET /favicon.ico [33m404[0m 6.965 ms - 150[0m
[0mGET /users/sign-in [36m304[0m 15.407 ms - -[0m
[0mGET /users/sign-in [36m304[0m 27.873 ms - -[0m
[0mGET / [36m304[0m 69.525 ms - -[0m
